Arguments: 
  /usr/local/Cellar/node/14.3.0_1/bin/node /usr/local/Cellar/yarn/1.22.4/libexec/bin/yarn.js install

PATH: 
  /Users/sreena/.rvm/gems/ruby-2.7.2/bin:/Users/sreena/.rvm/gems/ruby-2.7.2@global/bin:/Users/sreena/.rvm/rubies/ruby-2.7.2/bin:/usr/local/bin:/usr/bin:/bin:/usr/sbin:/sbin:/opt/X11/bin:/usr/local/mysql/bin:/Users/sreena/.rvm/bin

Yarn version: 
  1.22.4

Node version: 
  14.3.0

Platform: 
  darwin x64

Trace: 
  Error: ENOENT: no such file or directory, lstat '/Users/sreena/Documents/oakridge_projects/JPReactWebServer/node_modules/eslint/node_modules/strip-ansi/node_modules'

npm manifest: 
  {
    "name": "react-redux-router",
    "version": "1.0.0",
    "description": "Basic skeleton codebase for React/Redux/Router applications.",
    "scripts": {
      "preinstall": "npm set audit false",
      "start": "webpack-dev-server --config webpack/dev.config.js --watch",
      "build": "cross-env NODE_ENV=production webpack --config webpack/prod.config.js --progress --display-error-details --color",
      "heroku-postbuild": "npm run build",
      "precommit": "eslint src",
      "prod": "NODE_ENV=production node server.js"
    },
    "repository": {
      "type": "git",
      "url": "git@github.com:bottega-code-school/js-builder.git"
    },
    "keywords": [
      "es6",
      "es7",
      "webpack2",
      "webpack3",
      "starter",
      "template",
      "postcss",
      "sass",
      "css module"
    ],
    "author": "Your Name Here",
    "license": "MIT",
    "bugs": {
      "url": "https://github.com/bottega-code-school/js-builder/issues"
    },
    "homepage": "https://github.com/bottega-code-school/js-builder",
    "dependencies": {
      "ajv": "6.12.0",
      "axios": "0.21.1",
      "autoprefixer": "^9.1.0",
      "babel-cli": "^6.26.0",
      "babel-core": "^6.26.3",
      "babel-eslint": "^7.2.3",
      "babel-loader": "^7.1.5",
      "babel-plugin-async-to-promises": "^1.0.5",
      "babel-plugin-transform-runtime": "^6.23.0",
      "babel-polyfill": "^6.26.0",
      "babel-preset-env": "^1.7.0",
      "clean-webpack-plugin": "^0.1.16",
      "copy-webpack-plugin": "^4.5.2",
      "cross-env": "^5.2.0",
      "css-loader": "^1.0.0",
      "eslint": "^4.2.0",
      "eslint-loader": "^1.9.0",
      "eslint-plugin-react": "^7.1.0",
      "express": "4.17.1",
      "extract-loader": "^2.0.1",
      "file-loader": "^1.1.11",
      "html-loader": "^0.5.5",
      "node-sass": "^4.13.1",
      "postcss-loader": "^2.1.6",
      "react": "16.13.1",
      "react-dom": "16.13.1",
      "react-redux": "7.2.0",
      "react-router": "5.1.2",
      "react-router-dom": "5.1.2",
      "redux": "4.0.5",
      "sass-loader": "^7.1.0",
      "style-loader": "^0.21.0",
      "webpack": "4.42.1",
      "webpack-cli": "3.3.11",
      "webpack-dev-middleware": "3.7.2",
      "webpack-dev-server": "3.10.3",
      "webpack-hot-middleware": "2.25.0",
      "webpack-merge": "4.2.2"
    },
    "devDependencies": {
      "babel-plugin-transform-class-properties": "^6.24.1",
      "babel-plugin-transform-object-rest-spread": "^6.26.0",
      "babel-preset-react": "^6.24.1",
      "babel-register": "^6.26.0",
      "extract-text-webpack-plugin": "^4.0.0-beta.0",
      "html-webpack-plugin": "^4.5.2",
      "uglifyjs-webpack-plugin": "^1.2.7"
    },
    "peerDependencies": {
      "react": ">=16.8.0",
      "react-dom": ">=16.8.0"
    }
  }

yarn manifest: 
  No manifest

Lockfile: 
  No lockfile
